Start testing: Aug 04 13:32 CST
----------------------------------------------------------
1/4 Testing: startup_visible
1/4 Test: startup_visible
Command: "/home/lin/UXO_v1-detection/build-ninja/UXOMissionControlStartupTest"
Directory: /home/lin/UXO_v1-detection/build-ninja
"startup_visible" start time: Aug 04 13:32 CST
Output:
----------------------------------------------------------
This plugin does not support setParent!
Failed to make context current: OpenGL resources will not be destroyed
<end of output>
Test time =   0.33 sec
----------------------------------------------------------
Test Passed.
"startup_visible" end time: Aug 04 13:32 CST
"startup_visible" time elapsed: 00:00:00
----------------------------------------------------------

2/4 Testing: demo_scenario_provider
2/4 Test: demo_scenario_provider
Command: "/home/lin/UXO_v1-detection/build-ninja/UXOMissionControlDemoScenarioTest"
Directory: /home/lin/UXO_v1-detection/build-ninja
"demo_scenario_provider" start time: Aug 04 13:32 CST
Output:
----------------------------------------------------------
<end of output>
Test time =   0.00 sec
----------------------------------------------------------
Test Passed.
"demo_scenario_provider" end time: Aug 04 13:32 CST
"demo_scenario_provider" time elapsed: 00:00:00
----------------------------------------------------------

3/4 Testing: simulation_workflow
3/4 Test: simulation_workflow
Command: "/home/lin/UXO_v1-detection/build-ninja/UXOMissionControlSimulationWorkflowTest"
Directory: /home/lin/UXO_v1-detection/build-ninja
"simulation_workflow" start time: Aug 04 13:32 CST
Output:
----------------------------------------------------------
********* Start testing of SimulationWorkflowTest *********
Config: Using QtTest library 5.15.15, Qt 5.15.15 (x86_64-little_endian-lp64 shared (dynamic) release build; by GCC 13.4.0), ubuntu 22.04
PASS   : SimulationWorkflowTest::initTestCase()
PASS   : SimulationWorkflowTest::providerStartsAtDetected()
PASS   : SimulationWorkflowTest::validTransitionsFollowRequiredSequence()
PASS   : SimulationWorkflowTest::transitionWithoutSelectionIsRejected()
PASS   : SimulationWorkflowTest::invalidSkipIsRejected()
PASS   : SimulationWorkflowTest::backwardAndTerminalTransitionsAreRejected()
PASS   : SimulationWorkflowTest::unknownTargetSelectionIsRejected()
PASS   : SimulationWorkflowTest::logOrderingAndContentAreStable()
PASS   : SimulationWorkflowTest::resetDoesNotPersistState()
PASS   : SimulationWorkflowTest::cleanupTestCase()
Totals: 10 passed, 0 failed, 0 skipped, 0 blacklisted, 0ms
********* Finished testing of SimulationWorkflowTest *********
<end of output>
Test time =   0.00 sec
----------------------------------------------------------
Test Passed.
"simulation_workflow" end time: Aug 04 13:32 CST
"simulation_workflow" time elapsed: 00:00:00
----------------------------------------------------------

4/4 Testing: simulation_workflow_ui
4/4 Test: simulation_workflow_ui
Command: "/home/lin/UXO_v1-detection/build-ninja/UXOMissionControlSimulationWorkflowUiTest"
Directory: /home/lin/UXO_v1-detection/build-ninja
"simulation_workflow_ui" start time: Aug 04 13:32 CST
Output:
----------------------------------------------------------
********* Start testing of SimulationWorkflowUiTest *********
Config: Using QtTest library 5.15.15, Qt 5.15.15 (x86_64-little_endian-lp64 shared (dynamic) release build; by GCC 13.4.0), ubuntu 22.04
PASS   : SimulationWorkflowUiTest::initTestCase()
QWARN  : SimulationWorkflowUiTest::initialSurfaceIsSimulationOnly() This plugin does not support setParent!
QWARN  : SimulationWorkflowUiTest::initialSurfaceIsSimulationOnly() Failed to make context current: OpenGL resources will not be destroyed
PASS   : SimulationWorkflowUiTest::initialSurfaceIsSimulationOnly()
QWARN  : SimulationWorkflowUiTest::unsafeControlsAreAbsent() This plugin does not support setParent!
QWARN  : SimulationWorkflowUiTest::unsafeControlsAreAbsent() Failed to make context current: OpenGL resources will not be destroyed
PASS   : SimulationWorkflowUiTest::unsafeControlsAreAbsent()
QWARN  : SimulationWorkflowUiTest::selectingFirstTargetShowsDetected() This plugin does not support setParent!
QWARN  : SimulationWorkflowUiTest::selectingFirstTargetShowsDetected() Failed to make context current: OpenGL resources will not be destroyed
PASS   : SimulationWorkflowUiTest::selectingFirstTargetShowsDetected()
QWARN  : SimulationWorkflowUiTest::validActionsUpdateAllUiState() This plugin does not support setParent!
QWARN  : SimulationWorkflowUiTest::validActionsUpdateAllUiState() Failed to make context current: OpenGL resources will not be destroyed
PASS   : SimulationWorkflowUiTest::validActionsUpdateAllUiState()
QWARN  : SimulationWorkflowUiTest::operationLogPreservesSimulationOrder() This plugin does not support setParent!
QWARN  : SimulationWorkflowUiTest::operationLogPreservesSimulationOrder() Failed to make context current: OpenGL resources will not be destroyed
PASS   : SimulationWorkflowUiTest::operationLogPreservesSimulationOrder()
QWARN  : SimulationWorkflowUiTest::newWindowStartsWithFreshWorkflow() This plugin does not support setParent!
QWARN  : SimulationWorkflowUiTest::newWindowStartsWithFreshWorkflow() Failed to make context current: OpenGL resources will not be destroyed
QWARN  : SimulationWorkflowUiTest::newWindowStartsWithFreshWorkflow() This plugin does not support setParent!
QWARN  : SimulationWorkflowUiTest::newWindowStartsWithFreshWorkflow() Failed to make context current: OpenGL resources will not be destroyed
PASS   : SimulationWorkflowUiTest::newWindowStartsWithFreshWorkflow()
PASS   : SimulationWorkflowUiTest::cleanupTestCase()
Totals: 8 passed, 0 failed, 0 skipped, 0 blacklisted, 474ms
********* Finished testing of SimulationWorkflowUiTest *********
<end of output>
Test time =   0.50 sec
----------------------------------------------------------
Test Passed.
"simulation_workflow_ui" end time: Aug 04 13:32 CST
"simulation_workflow_ui" time elapsed: 00:00:00
----------------------------------------------------------

End testing: Aug 04 13:32 CST
